Dataset train of length 25592 found. (16 catégories)
Dataset test of length 6399 found. (16 catégories)

==================== EPOCH 001 ====================
TRAIN | Loss: 0.6081 | Inst mIoU: 0.5272 | Class mIoU: 0.4678
TEST  | Loss: 0.4429 | Inst mIoU: 0.6468 | Class mIoU: 0.6180
--------------------------------------------------
Test per category         | mIoU      
02691156                  | 0.6602
02773838                  | 0.7792
02954340                  | 0.5435
02958343                  | 0.5882
03001627                  | 0.6768
03261776                  | 0.6546
03467517                  | 0.7667
03624134                  | 0.8099
03636649                  | 0.5763
03642806                  | 0.9509
03790512                  | 0.2543
03797390                  | 0.4667
03948459                  | 0.5880
04099429                  | 0.3913
04225987                  | 0.5021
04379243                  | 0.6798
==================================================


==================== EPOCH 002 ====================
TRAIN | Loss: 0.4266 | Inst mIoU: 0.6298 | Class mIoU: 0.5921
TEST  | Loss: 0.4204 | Inst mIoU: 0.6615 | Class mIoU: 0.6477
--------------------------------------------------
Test per category         | mIoU      
02691156                  | 0.6531
02773838                  | 0.7873
02954340                  | 0.7215
02958343                  | 0.5916
03001627                  | 0.6920
03261776                  | 0.6951
03467517                  | 0.7481
03624134                  | 0.7924
03636649                  | 0.6788
03642806                  | 0.9480
03790512                  | 0.2862
03797390                  | 0.4684
03948459                  | 0.5912
04099429                  | 0.5210
04225987                  | 0.4957
04379243                  | 0.6933
==================================================


==================== EPOCH 003 ====================
TRAIN | Loss: 0.3929 | Inst mIoU: 0.6527 | Class mIoU: 0.6231
TEST  | Loss: 0.4710 | Inst mIoU: 0.6364 | Class mIoU: 0.6385
--------------------------------------------------
Test per category         | mIoU      
02691156                  | 0.5957
02773838                  | 0.6402
02954340                  | 0.5873
02958343                  | 0.5404
03001627                  | 0.6293
03261776                  | 0.7058
03467517                  | 0.8528
03624134                  | 0.8296
03636649                  | 0.6896
03642806                  | 0.9120
03790512                  | 0.3316
03797390                  | 0.5149
03948459                  | 0.6761
04099429                  | 0.4250
04225987                  | 0.5856
04379243                  | 0.6997
==================================================


==================== EPOCH 004 ====================
TRAIN | Loss: 0.3770 | Inst mIoU: 0.6654 | Class mIoU: 0.6402
TEST  | Loss: 0.4706 | Inst mIoU: 0.6316 | Class mIoU: 0.6557
--------------------------------------------------
Test per category         | mIoU      
02691156                  | 0.5469
02773838                  | 0.6429
02954340                  | 0.7659
02958343                  | 0.5379
03001627                  | 0.6205
03261776                  | 0.7258
03467517                  | 0.7698
03624134                  | 0.8336
03636649                  | 0.6893
03642806                  | 0.9493
03790512                  | 0.3403
03797390                  | 0.7195
03948459                  | 0.6579
04099429                  | 0.3852
04225987                  | 0.5938
04379243                  | 0.7126
==================================================


==================== EPOCH 005 ====================
TRAIN | Loss: 0.3649 | Inst mIoU: 0.6738 | Class mIoU: 0.6582
TEST  | Loss: 0.5141 | Inst mIoU: 0.6519 | Class mIoU: 0.6431
--------------------------------------------------
Test per category         | mIoU      
02691156                  | 0.6065
02773838                  | 0.8110
02954340                  | 0.6924
02958343                  | 0.5572
03001627                  | 0.6835
03261776                  | 0.5646
03467517                  | 0.8963
03624134                  | 0.8118
03636649                  | 0.6540
03642806                  | 0.9521
03790512                  | 0.2522
03797390                  | 0.6124
03948459                  | 0.6508
04099429                  | 0.3270
04225987                  | 0.5125
04379243                  | 0.7046
==================================================


==================== EPOCH 006 ====================
TRAIN | Loss: 0.3572 | Inst mIoU: 0.6798 | Class mIoU: 0.6680
TEST  | Loss: 0.3778 | Inst mIoU: 0.6721 | Class mIoU: 0.6885
--------------------------------------------------
Test per category         | mIoU      
02691156                  | 0.6672
02773838                  | 0.7750
02954340                  | 0.7740
02958343                  | 0.6080
03001627                  | 0.7055
03261776                  | 0.7378
03467517                  | 0.9172
03624134                  | 0.8438
03636649                  | 0.7230
03642806                  | 0.9264
03790512                  | 0.3567
03797390                  | 0.6249
03948459                  | 0.7270
04099429                  | 0.4124
04225987                  | 0.5567
04379243                  | 0.6605
==================================================


==================== EPOCH 007 ====================
TRAIN | Loss: 0.3500 | Inst mIoU: 0.6850 | Class mIoU: 0.6719
TEST  | Loss: 0.3475 | Inst mIoU: 0.6936 | Class mIoU: 0.6980
--------------------------------------------------
Test per category         | mIoU      
02691156                  | 0.7087
02773838                  | 0.7036
02954340                  | 0.7650
02958343                  | 0.6391
03001627                  | 0.6812
03261776                  | 0.7764
03467517                  | 0.8833
03624134                  | 0.8089
03636649                  | 0.7198
03642806                  | 0.9534
03790512                  | 0.3537
03797390                  | 0.8543
03948459                  | 0.5175
04099429                  | 0.4594
04225987                  | 0.6263
04379243                  | 0.7175
==================================================


==================== EPOCH 008 ====================
TRAIN | Loss: 0.3435 | Inst mIoU: 0.6894 | Class mIoU: 0.6845
TEST  | Loss: 0.3647 | Inst mIoU: 0.7028 | Class mIoU: 0.7149
--------------------------------------------------
Test per category         | mIoU      
02691156                  | 0.6978
02773838                  | 0.7036
02954340                  | 0.7845
02958343                  | 0.6681
03001627                  | 0.6834
03261776                  | 0.7807
03467517                  | 0.8948
03624134                  | 0.8364
03636649                  | 0.7269
03642806                  | 0.9502
03790512                  | 0.3627
03797390                  | 0.8337
03948459                  | 0.7420
04099429                  | 0.4157
04225987                  | 0.6390
04379243                  | 0.7185
==================================================


==================== EPOCH 009 ====================
TRAIN | Loss: 0.3400 | Inst mIoU: 0.6932 | Class mIoU: 0.6879
TEST  | Loss: 0.3571 | Inst mIoU: 0.7066 | Class mIoU: 0.7197
--------------------------------------------------
Test per category         | mIoU      
02691156                  | 0.7100
02773838                  | 0.6719
02954340                  | 0.7707
02958343                  | 0.7015
03001627                  | 0.7164
03261776                  | 0.7882
03467517                  | 0.8821
03624134                  | 0.8443
03636649                  | 0.6679
03642806                  | 0.9549
03790512                  | 0.3633
03797390                  | 0.8799
03948459                  | 0.7393
04099429                  | 0.5228
04225987                  | 0.6130
04379243                  | 0.6882
==================================================


==================== EPOCH 010 ====================
TRAIN | Loss: 0.3353 | Inst mIoU: 0.6956 | Class mIoU: 0.6953
TEST  | Loss: 0.3526 | Inst mIoU: 0.7135 | Class mIoU: 0.7318
--------------------------------------------------
Test per category         | mIoU      
02691156                  | 0.7140
02773838                  | 0.7828
02954340                  | 0.7872
02958343                  | 0.6808
03001627                  | 0.7246
03261776                  | 0.7702
03467517                  | 0.9207
03624134                  | 0.8543
03636649                  | 0.7118
03642806                  | 0.9464
03790512                  | 0.3691
03797390                  | 0.8276
03948459                  | 0.7433
04099429                  | 0.5769
04225987                  | 0.5912
04379243                  | 0.7075
==================================================


==================== EPOCH 011 ====================
TRAIN | Loss: 0.3331 | Inst mIoU: 0.6964 | Class mIoU: 0.6968
TEST  | Loss: 0.3296 | Inst mIoU: 0.7147 | Class mIoU: 0.7186
--------------------------------------------------
Test per category         | mIoU      
02691156                  | 0.7220
02773838                  | 0.7263
02954340                  | 0.7817
02958343                  | 0.7134
03001627                  | 0.6924
03261776                  | 0.7491
03467517                  | 0.9154
03624134                  | 0.8331
03636649                  | 0.7409
03642806                  | 0.9540
03790512                  | 0.3453
03797390                  | 0.8271
03948459                  | 0.6537
04099429                  | 0.4595
04225987                  | 0.6807
04379243                  | 0.7033
==================================================


==================== EPOCH 012 ====================
TRAIN | Loss: 0.3303 | Inst mIoU: 0.6992 | Class mIoU: 0.6997
TEST  | Loss: 0.3476 | Inst mIoU: 0.7222 | Class mIoU: 0.7211
--------------------------------------------------
Test per category         | mIoU      
02691156                  | 0.6886
02773838                  | 0.8263
02954340                  | 0.7404
02958343                  | 0.7166
03001627                  | 0.7259
03261776                  | 0.7226
03467517                  | 0.8952
03624134                  | 0.8562
03636649                  | 0.7436
03642806                  | 0.9441
03790512                  | 0.3339
03797390                  | 0.8566
03948459                  | 0.6727
04099429                  | 0.5573
04225987                  | 0.5391
04379243                  | 0.7192
==================================================


==================== EPOCH 013 ====================
TRAIN | Loss: 0.3266 | Inst mIoU: 0.7016 | Class mIoU: 0.7085
TEST  | Loss: 0.4013 | Inst mIoU: 0.6660 | Class mIoU: 0.6509
--------------------------------------------------
Test per category         | mIoU      
02691156                  | 0.6646
02773838                  | 0.8382
02954340                  | 0.6373
02958343                  | 0.5689
03001627                  | 0.6996
03261776                  | 0.4496
03467517                  | 0.8757
03624134                  | 0.8380
03636649                  | 0.7137
03642806                  | 0.9494
03790512                  | 0.2730
03797390                  | 0.6084
03948459                  | 0.6318
04099429                  | 0.4299
04225987                  | 0.5438
04379243                  | 0.6919
==================================================


==================== EPOCH 014 ====================
TRAIN | Loss: 0.3263 | Inst mIoU: 0.7022 | Class mIoU: 0.7035
TEST  | Loss: 0.3936 | Inst mIoU: 0.6824 | Class mIoU: 0.6872
--------------------------------------------------
Test per category         | mIoU      
02691156                  | 0.6664
02773838                  | 0.9077
02954340                  | 0.7475
02958343                  | 0.6355
03001627                  | 0.6804
03261776                  | 0.7272
03467517                  | 0.8742
03624134                  | 0.8543
03636649                  | 0.7082
03642806                  | 0.9443
03790512                  | 0.3260
03797390                  | 0.5698
03948459                  | 0.6637
04099429                  | 0.4176
04225987                  | 0.5676
04379243                  | 0.7056
==================================================


==================== EPOCH 015 ====================
TRAIN | Loss: 0.3223 | Inst mIoU: 0.7039 | Class mIoU: 0.7049
TEST  | Loss: 0.3700 | Inst mIoU: 0.7023 | Class mIoU: 0.6771
--------------------------------------------------
Test per category         | mIoU      
02691156                  | 0.7113
02773838                  | 0.6933
02954340                  | 0.7134
02958343                  | 0.6963
03001627                  | 0.6821
03261776                  | 0.5636
03467517                  | 0.8452
03624134                  | 0.8524
03636649                  | 0.7215
03642806                  | 0.9178
03790512                  | 0.3804
03797390                  | 0.5596
03948459                  | 0.7147
04099429                  | 0.4447
04225987                  | 0.6339
04379243                  | 0.7037
==================================================


==================== EPOCH 016 ====================
TRAIN | Loss: 0.3212 | Inst mIoU: 0.7055 | Class mIoU: 0.7139
TEST  | Loss: 0.3377 | Inst mIoU: 0.7209 | Class mIoU: 0.7293
--------------------------------------------------
Test per category         | mIoU      
02691156                  | 0.7134
02773838                  | 0.7982
02954340                  | 0.7631
02958343                  | 0.7041
03001627                  | 0.7237
03261776                  | 0.7454
03467517                  | 0.8300
03624134                  | 0.8561
03636649                  | 0.7233
03642806                  | 0.9554
03790512                  | 0.4047
03797390                  | 0.8792
03948459                  | 0.7549
04099429                  | 0.4885
04225987                  | 0.6100
04379243                  | 0.7190
==================================================


==================== EPOCH 017 ====================
TRAIN | Loss: 0.3187 | Inst mIoU: 0.7066 | Class mIoU: 0.7144
TEST  | Loss: 0.3420 | Inst mIoU: 0.7205 | Class mIoU: 0.7444
--------------------------------------------------
Test per category         | mIoU      
02691156                  | 0.7186
02773838                  | 0.8378
02954340                  | 0.7815
02958343                  | 0.6797
03001627                  | 0.7279
03261776                  | 0.7534
03467517                  | 0.9181
03624134                  | 0.8499
03636649                  | 0.7334
03642806                  | 0.9499
03790512                  | 0.3736
03797390                  | 0.9036
03948459                  | 0.7571
04099429                  | 0.5245
04225987                  | 0.6819
04379243                  | 0.7200
==================================================


==================== EPOCH 018 ====================
TRAIN | Loss: 0.3173 | Inst mIoU: 0.7081 | Class mIoU: 0.7171
TEST  | Loss: 0.3739 | Inst mIoU: 0.6623 | Class mIoU: 0.6775
--------------------------------------------------
Test per category         | mIoU      
02691156                  | 0.6633
02773838                  | 0.8802
02954340                  | 0.7902
02958343                  | 0.6351
03001627                  | 0.6522
03261776                  | 0.5436
03467517                  | 0.8232
03624134                  | 0.8619
03636649                  | 0.7212
03642806                  | 0.8799
03790512                  | 0.2835
03797390                  | 0.7183
03948459                  | 0.4930
04099429                  | 0.4954
04225987                  | 0.7391
04379243                  | 0.6594
==================================================


==================== EPOCH 019 ====================
TRAIN | Loss: 0.3159 | Inst mIoU: 0.7090 | Class mIoU: 0.7142
TEST  | Loss: 0.3584 | Inst mIoU: 0.6968 | Class mIoU: 0.7137
--------------------------------------------------
Test per category         | mIoU      
02691156                  | 0.7123
02773838                  | 0.7827
02954340                  | 0.7878
02958343                  | 0.6095
03001627                  | 0.6981
03261776                  | 0.6506
03467517                  | 0.7841
03624134                  | 0.8507
03636649                  | 0.7433
03642806                  | 0.9511
03790512                  | 0.4245
03797390                  | 0.8213
03948459                  | 0.6990
04099429                  | 0.5628
04225987                  | 0.6109
04379243                  | 0.7310
==================================================


==================== EPOCH 020 ====================
TRAIN | Loss: 0.3152 | Inst mIoU: 0.7100 | Class mIoU: 0.7183
TEST  | Loss: 0.3555 | Inst mIoU: 0.7060 | Class mIoU: 0.7325
--------------------------------------------------
Test per category         | mIoU      
02691156                  | 0.7074
02773838                  | 0.8144
02954340                  | 0.8001
02958343                  | 0.6759
03001627                  | 0.6777
03261776                  | 0.6580
03467517                  | 0.9155
03624134                  | 0.8531
03636649                  | 0.7295
03642806                  | 0.9535
03790512                  | 0.3596
03797390                  | 0.9019
03948459                  | 0.7443
04099429                  | 0.5175
04225987                  | 0.6953
04379243                  | 0.7158
==================================================


==================== EPOCH 021 ====================
TRAIN | Loss: 0.3137 | Inst mIoU: 0.7107 | Class mIoU: 0.7200
TEST  | Loss: 0.3336 | Inst mIoU: 0.7024 | Class mIoU: 0.7266
--------------------------------------------------
Test per category         | mIoU      
02691156                  | 0.6713
02773838                  | 0.8682
02954340                  | 0.7899
02958343                  | 0.6518
03001627                  | 0.7189
03261776                  | 0.7519
03467517                  | 0.9102
03624134                  | 0.8687
03636649                  | 0.7290
03642806                  | 0.9436
03790512                  | 0.3005
03797390                  | 0.8764
03948459                  | 0.7289
04099429                  | 0.4911
04225987                  | 0.6118
04379243                  | 0.7130
==================================================


==================== EPOCH 022 ====================
TRAIN | Loss: 0.3117 | Inst mIoU: 0.7118 | Class mIoU: 0.7174
TEST  | Loss: 0.3132 | Inst mIoU: 0.7282 | Class mIoU: 0.7418
--------------------------------------------------
Test per category         | mIoU      
02691156                  | 0.7196
02773838                  | 0.8508
02954340                  | 0.7957
02958343                  | 0.7083
03001627                  | 0.7275
03261776                  | 0.4994
03467517                  | 0.9299
03624134                  | 0.8604
03636649                  | 0.7297
03642806                  | 0.9555
03790512                  | 0.4050
03797390                  | 0.8863
03948459                  | 0.7601
04099429                  | 0.5623
04225987                  | 0.7573
04379243                  | 0.7218
==================================================


==================== EPOCH 023 ====================
TRAIN | Loss: 0.3106 | Inst mIoU: 0.7125 | Class mIoU: 0.7184
TEST  | Loss: 0.3780 | Inst mIoU: 0.6815 | Class mIoU: 0.6989
--------------------------------------------------
Test per category         | mIoU      
02691156                  | 0.6058
02773838                  | 0.9064
02954340                  | 0.7421
02958343                  | 0.6352
03001627                  | 0.7020
03261776                  | 0.7053
03467517                  | 0.9015
03624134                  | 0.8559
03636649                  | 0.7206
03642806                  | 0.9322
03790512                  | 0.2793
03797390                  | 0.6779
03948459                  | 0.6614
04099429                  | 0.4295
04225987                  | 0.7227
04379243                  | 0.7038
==================================================


==================== EPOCH 024 ====================
TRAIN | Loss: 0.3089 | Inst mIoU: 0.7128 | Class mIoU: 0.7244
TEST  | Loss: 0.3916 | Inst mIoU: 0.6903 | Class mIoU: 0.7126
--------------------------------------------------
Test per category         | mIoU      
02691156                  | 0.6979
02773838                  | 0.8070
02954340                  | 0.7805
02958343                  | 0.6194
03001627                  | 0.6895
03261776                  | 0.7542
03467517                  | 0.9061
03624134                  | 0.8508
03636649                  | 0.7266
03642806                  | 0.9531
03790512                  | 0.4132
03797390                  | 0.7110
03948459                  | 0.7569
04099429                  | 0.4061
04225987                  | 0.6216
04379243                  | 0.7074
==================================================


==================== EPOCH 025 ====================
TRAIN | Loss: 0.3068 | Inst mIoU: 0.7150 | Class mIoU: 0.7246
TEST  | Loss: 0.3594 | Inst mIoU: 0.6700 | Class mIoU: 0.7083
--------------------------------------------------
Test per category         | mIoU      
02691156                  | 0.7158
02773838                  | 0.8210
02954340                  | 0.7885
02958343                  | 0.5844
03001627                  | 0.6779
03261776                  | 0.5866
03467517                  | 0.9175
03624134                  | 0.8592
03636649                  | 0.7461
03642806                  | 0.9562
03790512                  | 0.3324
03797390                  | 0.7126
03948459                  | 0.6763
04099429                  | 0.5438
04225987                  | 0.7564
04379243                  | 0.6584
==================================================


==================== EPOCH 026 ====================
TRAIN | Loss: 0.3075 | Inst mIoU: 0.7135 | Class mIoU: 0.7237
TEST  | Loss: 0.3675 | Inst mIoU: 0.7121 | Class mIoU: 0.7461
--------------------------------------------------
Test per category         | mIoU      
02691156                  | 0.6988
02773838                  | 0.9050
02954340                  | 0.7839
02958343                  | 0.7187
03001627                  | 0.7117
03261776                  | 0.7387
03467517                  | 0.9214
03624134                  | 0.8683
03636649                  | 0.6839
03642806                  | 0.9432
03790512                  | 0.4626
03797390                  | 0.8997
03948459                  | 0.7328
04099429                  | 0.5109
04225987                  | 0.6704
04379243                  | 0.6875
==================================================


==================== EPOCH 027 ====================
TRAIN | Loss: 0.3063 | Inst mIoU: 0.7145 | Class mIoU: 0.7279
TEST  | Loss: 0.3469 | Inst mIoU: 0.7261 | Class mIoU: 0.7623
--------------------------------------------------
Test per category         | mIoU      
02691156                  | 0.7278
02773838                  | 0.9007
02954340                  | 0.7909
02958343                  | 0.6856
03001627                  | 0.7188
03261776                  | 0.7357
03467517                  | 0.9127
03624134                  | 0.8674
03636649                  | 0.7496
03642806                  | 0.9574
03790512                  | 0.4521
03797390                  | 0.8989
03948459                  | 0.7544
04099429                  | 0.5484
04225987                  | 0.7682
04379243                  | 0.7278
==================================================


==================== EPOCH 028 ====================
TRAIN | Loss: 0.3046 | Inst mIoU: 0.7169 | Class mIoU: 0.7339
TEST  | Loss: 0.3470 | Inst mIoU: 0.6959 | Class mIoU: 0.7183
--------------------------------------------------
Test per category         | mIoU      
02691156                  | 0.7025
02773838                  | 0.8673
02954340                  | 0.7868
02958343                  | 0.6036
03001627                  | 0.7198
03261776                  | 0.7663
03467517                  | 0.9221
03624134                  | 0.8686
03636649                  | 0.7382
03642806                  | 0.9570
03790512                  | 0.3273
03797390                  | 0.7891
03948459                  | 0.7766
04099429                  | 0.3738
04225987                  | 0.5817
04379243                  | 0.7119
==================================================


==================== EPOCH 029 ====================
TRAIN | Loss: 0.3035 | Inst mIoU: 0.7167 | Class mIoU: 0.7324
TEST  | Loss: 0.3133 | Inst mIoU: 0.7268 | Class mIoU: 0.7518
--------------------------------------------------
Test per category         | mIoU      
02691156                  | 0.7124
02773838                  | 0.7380
02954340                  | 0.7745
02958343                  | 0.7064
03001627                  | 0.7296
03261776                  | 0.7526
03467517                  | 0.9000
03624134                  | 0.8550
03636649                  | 0.7440
03642806                  | 0.9579
03790512                  | 0.4523
03797390                  | 0.9017
03948459                  | 0.7671
04099429                  | 0.5537
04225987                  | 0.7679
04379243                  | 0.7150
==================================================


==================== EPOCH 030 ====================
TRAIN | Loss: 0.3037 | Inst mIoU: 0.7170 | Class mIoU: 0.7269
TEST  | Loss: 0.5494 | Inst mIoU: 0.5726 | Class mIoU: 0.6280
--------------------------------------------------
Test per category         | mIoU      
02691156                  | 0.5885
02773838                  | 0.8091
02954340                  | 0.7515
02958343                  | 0.4243
03001627                  | 0.6451
03261776                  | 0.3348
03467517                  | 0.9041
03624134                  | 0.8308
03636649                  | 0.5059
03642806                  | 0.8781
03790512                  | 0.3312
03797390                  | 0.6536
03948459                  | 0.6304
04099429                  | 0.5490
04225987                  | 0.6161
04379243                  | 0.5956
==================================================


==================== EPOCH 031 ====================
TRAIN | Loss: 0.3010 | Inst mIoU: 0.7177 | Class mIoU: 0.7308
TEST  | Loss: 0.3209 | Inst mIoU: 0.7260 | Class mIoU: 0.7480
--------------------------------------------------
Test per category         | mIoU      
02691156                  | 0.7151
02773838                  | 0.8821
02954340                  | 0.7767
02958343                  | 0.7032
03001627                  | 0.7252
03261776                  | 0.6874
03467517                  | 0.9153
03624134                  | 0.8555
03636649                  | 0.7497
03642806                  | 0.9546
03790512                  | 0.4392
03797390                  | 0.8881
03948459                  | 0.7605
04099429                  | 0.5437
04225987                  | 0.6545
04379243                  | 0.7178
==================================================


==================== EPOCH 032 ====================
TRAIN | Loss: 0.3018 | Inst mIoU: 0.7180 | Class mIoU: 0.7298
TEST  | Loss: 0.3286 | Inst mIoU: 0.7274 | Class mIoU: 0.7451
--------------------------------------------------
Test per category         | mIoU      
02691156                  | 0.7225
02773838                  | 0.8205
02954340                  | 0.7672
02958343                  | 0.7107
03001627                  | 0.7194
03261776                  | 0.7305
03467517                  | 0.9092
03624134                  | 0.8676
03636649                  | 0.7429
03642806                  | 0.9562
03790512                  | 0.4028
03797390                  | 0.9022
03948459                  | 0.7404
04099429                  | 0.4579
04225987                  | 0.7510
04379243                  | 0.7204
==================================================


==================== EPOCH 033 ====================
TRAIN | Loss: 0.3006 | Inst mIoU: 0.7183 | Class mIoU: 0.7321
TEST  | Loss: 0.4168 | Inst mIoU: 0.6643 | Class mIoU: 0.7020
--------------------------------------------------
Test per category         | mIoU      
02691156                  | 0.6507
02773838                  | 0.7354
02954340                  | 0.7977
02958343                  | 0.5644
03001627                  | 0.6643
03261776                  | 0.6588
03467517                  | 0.7593
03624134                  | 0.8480
03636649                  | 0.7568
03642806                  | 0.9530
03790512                  | 0.3962
03797390                  | 0.8994
03948459                  | 0.6849
04099429                  | 0.5233
04225987                  | 0.6377
04379243                  | 0.7018
==================================================


==================== EPOCH 034 ====================
TRAIN | Loss: 0.2987 | Inst mIoU: 0.7191 | Class mIoU: 0.7378
TEST  | Loss: 0.4092 | Inst mIoU: 0.6603 | Class mIoU: 0.6905
--------------------------------------------------
Test per category         | mIoU      
02691156                  | 0.6874
02773838                  | 0.7623
02954340                  | 0.7201
02958343                  | 0.5606
03001627                  | 0.6561
03261776                  | 0.6197
03467517                  | 0.9063
03624134                  | 0.8619
03636649                  | 0.7027
03642806                  | 0.9386
03790512                  | 0.3896
03797390                  | 0.8109
03948459                  | 0.6946
04099429                  | 0.4760
04225987                  | 0.5756
04379243                  | 0.6854
==================================================


==================== EPOCH 035 ====================
TRAIN | Loss: 0.2986 | Inst mIoU: 0.7197 | Class mIoU: 0.7348
TEST  | Loss: 0.3291 | Inst mIoU: 0.7327 | Class mIoU: 0.7558
--------------------------------------------------
Test per category         | mIoU      
02691156                  | 0.7233
02773838                  | 0.9239
02954340                  | 0.7825
02958343                  | 0.7197
03001627                  | 0.7303
03261776                  | 0.7213
03467517                  | 0.9240
03624134                  | 0.8575
03636649                  | 0.7439
03642806                  | 0.9563
03790512                  | 0.4806
03797390                  | 0.9081
03948459                  | 0.7561
04099429                  | 0.5043
04225987                  | 0.6410
04379243                  | 0.7196
==================================================


==================== EPOCH 036 ====================
TRAIN | Loss: 0.2964 | Inst mIoU: 0.7210 | Class mIoU: 0.7357
TEST  | Loss: 0.3218 | Inst mIoU: 0.7200 | Class mIoU: 0.7417
--------------------------------------------------
Test per category         | mIoU      
02691156                  | 0.7244
02773838                  | 0.7878
02954340                  | 0.7840
02958343                  | 0.7057
03001627                  | 0.6803
03261776                  | 0.7015
03467517                  | 0.8969
03624134                  | 0.8604
03636649                  | 0.7551
03642806                  | 0.9546
03790512                  | 0.4432
03797390                  | 0.9068
03948459                  | 0.7615
04099429                  | 0.4331
04225987                  | 0.7490
04379243                  | 0.7227
==================================================


==================== EPOCH 037 ====================
TRAIN | Loss: 0.2980 | Inst mIoU: 0.7199 | Class mIoU: 0.7353
TEST  | Loss: 0.3701 | Inst mIoU: 0.7040 | Class mIoU: 0.7321
--------------------------------------------------
Test per category         | mIoU      
02691156                  | 0.6886
02773838                  | 0.9008
02954340                  | 0.7818
02958343                  | 0.6626
03001627                  | 0.7151
03261776                  | 0.7055
03467517                  | 0.9059
03624134                  | 0.8377
03636649                  | 0.7205
03642806                  | 0.9473
03790512                  | 0.3486
03797390                  | 0.8316
03948459                  | 0.6588
04099429                  | 0.5536
04225987                  | 0.7488
04379243                  | 0.7068
==================================================


==================== EPOCH 038 ====================
TRAIN | Loss: 0.2950 | Inst mIoU: 0.7217 | Class mIoU: 0.7394
TEST  | Loss: 0.3348 | Inst mIoU: 0.7100 | Class mIoU: 0.7456
--------------------------------------------------
Test per category         | mIoU      
02691156                  | 0.7179
02773838                  | 0.8812
02954340                  | 0.8107
02958343                  | 0.6631
03001627                  | 0.6896
03261776                  | 0.7844
03467517                  | 0.9131
03624134                  | 0.8723
03636649                  | 0.7348
03642806                  | 0.9517
03790512                  | 0.4389
03797390                  | 0.8825
03948459                  | 0.7388
04099429                  | 0.4478
04225987                  | 0.6813
04379243                  | 0.7224
==================================================


==================== EPOCH 039 ====================
TRAIN | Loss: 0.2931 | Inst mIoU: 0.7227 | Class mIoU: 0.7382
TEST  | Loss: 0.3400 | Inst mIoU: 0.7031 | Class mIoU: 0.7502
--------------------------------------------------
Test per category         | mIoU      
02691156                  | 0.7029
02773838                  | 0.8621
02954340                  | 0.7960
02958343                  | 0.6574
03001627                  | 0.6592
03261776                  | 0.7702
03467517                  | 0.9296
03624134                  | 0.8697
03636649                  | 0.7504
03642806                  | 0.9570
03790512                  | 0.4174
03797390                  | 0.9005
03948459                  | 0.7193
04099429                  | 0.5115
04225987                  | 0.7754
04379243                  | 0.7244
==================================================


==================== EPOCH 040 ====================
TRAIN | Loss: 0.2926 | Inst mIoU: 0.7233 | Class mIoU: 0.7368
TEST  | Loss: 0.3660 | Inst mIoU: 0.6929 | Class mIoU: 0.7033
--------------------------------------------------
Test per category         | mIoU      
02691156                  | 0.6858
02773838                  | 0.8840
02954340                  | 0.7224
02958343                  | 0.6672
03001627                  | 0.6744
03261776                  | 0.5843
03467517                  | 0.9233
03624134                  | 0.5406
03636649                  | 0.6904
03642806                  | 0.9450
03790512                  | 0.3868
03797390                  | 0.8041
03948459                  | 0.7120
04099429                  | 0.5558
04225987                  | 0.7626
04379243                  | 0.7146
==================================================


==================== EPOCH 041 ====================
TRAIN | Loss: 0.2928 | Inst mIoU: 0.7225 | Class mIoU: 0.7360
TEST  | Loss: 0.3268 | Inst mIoU: 0.7164 | Class mIoU: 0.7262
--------------------------------------------------
Test per category         | mIoU      
02691156                  | 0.7221
02773838                  | 0.8530
02954340                  | 0.7344
02958343                  | 0.6994
03001627                  | 0.7095
03261776                  | 0.6789
03467517                  | 0.9067
03624134                  | 0.8624
03636649                  | 0.7366
03642806                  | 0.9532
03790512                  | 0.4242
03797390                  | 0.7831
03948459                  | 0.5559
04099429                  | 0.5455
04225987                  | 0.7466
04379243                  | 0.7076
==================================================


==================== EPOCH 042 ====================
TRAIN | Loss: 0.2913 | Inst mIoU: 0.7235 | Class mIoU: 0.7348
TEST  | Loss: 0.3703 | Inst mIoU: 0.6589 | Class mIoU: 0.6999
--------------------------------------------------
Test per category         | mIoU      
02691156                  | 0.6815
02773838                  | 0.8997
02954340                  | 0.7985
02958343                  | 0.5518
03001627                  | 0.6766
03261776                  | 0.6392
03467517                  | 0.9316
03624134                  | 0.8616
03636649                  | 0.7202
03642806                  | 0.9380
03790512                  | 0.3837
03797390                  | 0.6167
03948459                  | 0.5574
04099429                  | 0.5271
04225987                  | 0.7429
04379243                  | 0.6717
==================================================


==================== EPOCH 043 ====================
TRAIN | Loss: 0.2904 | Inst mIoU: 0.7244 | Class mIoU: 0.7430
TEST  | Loss: 0.3162 | Inst mIoU: 0.7334 | Class mIoU: 0.7717
--------------------------------------------------
Test per category         | mIoU      
02691156                  | 0.7289
02773838                  | 0.9258
02954340                  | 0.7977
02958343                  | 0.7201
03001627                  | 0.7119
03261776                  | 0.7723
03467517                  | 0.9316
03624134                  | 0.8666
03636649                  | 0.7507
03642806                  | 0.9548
03790512                  | 0.4887
03797390                  | 0.8794
03948459                  | 0.7593
04099429                  | 0.5660
04225987                  | 0.7671
04379243                  | 0.7265
==================================================


==================== EPOCH 044 ====================
TRAIN | Loss: 0.2892 | Inst mIoU: 0.7240 | Class mIoU: 0.7424
TEST  | Loss: 0.3271 | Inst mIoU: 0.7297 | Class mIoU: 0.7586
--------------------------------------------------
Test per category         | mIoU      
02691156                  | 0.7197
02773838                  | 0.8971
02954340                  | 0.7869
02958343                  | 0.7243
03001627                  | 0.7065
03261776                  | 0.7066
03467517                  | 0.9297
03624134                  | 0.8658
03636649                  | 0.7394
03642806                  | 0.9586
03790512                  | 0.4606
03797390                  | 0.9007
03948459                  | 0.7707
04099429                  | 0.5657
04225987                  | 0.6817
04379243                  | 0.7237
==================================================


==================== EPOCH 045 ====================
TRAIN | Loss: 0.2862 | Inst mIoU: 0.7260 | Class mIoU: 0.7448
TEST  | Loss: 0.3276 | Inst mIoU: 0.7342 | Class mIoU: 0.7530
--------------------------------------------------
Test per category         | mIoU      
02691156                  | 0.7258
02773838                  | 0.8261
02954340                  | 0.8023
02958343                  | 0.7245
03001627                  | 0.7308
03261776                  | 0.7174
03467517                  | 0.9203
03624134                  | 0.8671
03636649                  | 0.7257
03642806                  | 0.9565
03790512                  | 0.4475
03797390                  | 0.9121
03948459                  | 0.7439
04099429                  | 0.5748
04225987                  | 0.6471
04379243                  | 0.7255
==================================================


==================== EPOCH 046 ====================
TRAIN | Loss: 0.2874 | Inst mIoU: 0.7263 | Class mIoU: 0.7460
TEST  | Loss: 0.3293 | Inst mIoU: 0.7339 | Class mIoU: 0.7666
--------------------------------------------------
Test per category         | mIoU      
02691156                  | 0.7289
02773838                  | 0.9152
02954340                  | 0.7983
02958343                  | 0.7265
03001627                  | 0.7319
03261776                  | 0.7932
03467517                  | 0.9135
03624134                  | 0.8741
03636649                  | 0.7353
03642806                  | 0.9501
03790512                  | 0.4619
03797390                  | 0.8923
03948459                  | 0.7464
04099429                  | 0.5539
04225987                  | 0.7281
04379243                  | 0.7158
==================================================


==================== EPOCH 047 ====================
TRAIN | Loss: 0.2861 | Inst mIoU: 0.7267 | Class mIoU: 0.7416
TEST  | Loss: 0.3471 | Inst mIoU: 0.7034 | Class mIoU: 0.7036
--------------------------------------------------
Test per category         | mIoU      
02691156                  | 0.6954
02773838                  | 0.8650
02954340                  | 0.5766
02958343                  | 0.6958
03001627                  | 0.7034
03261776                  | 0.7369
03467517                  | 0.9208
03624134                  | 0.8739
03636649                  | 0.7066
03642806                  | 0.9318
03790512                  | 0.3622
03797390                  | 0.7854
03948459                  | 0.5075
04099429                  | 0.4891
04225987                  | 0.7132
04379243                  | 0.6933
==================================================


==================== EPOCH 048 ====================
TRAIN | Loss: 0.2841 | Inst mIoU: 0.7281 | Class mIoU: 0.7489
TEST  | Loss: 0.3201 | Inst mIoU: 0.7362 | Class mIoU: 0.7599
--------------------------------------------------
Test per category         | mIoU      
02691156                  | 0.7374
02773838                  | 0.8473
02954340                  | 0.8003
02958343                  | 0.7256
03001627                  | 0.7257
03261776                  | 0.6990
03467517                  | 0.9150
03624134                  | 0.8606
03636649                  | 0.7545
03642806                  | 0.9517
03790512                  | 0.4763
03797390                  | 0.8985
03948459                  | 0.7527
04099429                  | 0.5589
04225987                  | 0.7334
04379243                  | 0.7210
==================================================


==================== EPOCH 049 ====================
TRAIN | Loss: 0.2827 | Inst mIoU: 0.7274 | Class mIoU: 0.7452
TEST  | Loss: 0.3346 | Inst mIoU: 0.7077 | Class mIoU: 0.7447
--------------------------------------------------
Test per category         | mIoU      
02691156                  | 0.7001
02773838                  | 0.8314
02954340                  | 0.7967
02958343                  | 0.6712
03001627                  | 0.7058
03261776                  | 0.7449
03467517                  | 0.9331
03624134                  | 0.8568
03636649                  | 0.7470
03642806                  | 0.9583
03790512                  | 0.3918
03797390                  | 0.8305
03948459                  | 0.7634
04099429                  | 0.5099
04225987                  | 0.7756
04379243                  | 0.6986
==================================================


==================== EPOCH 050 ====================
TRAIN | Loss: 0.2841 | Inst mIoU: 0.7277 | Class mIoU: 0.7484
TEST  | Loss: 0.2986 | Inst mIoU: 0.7402 | Class mIoU: 0.7718
--------------------------------------------------
Test per category         | mIoU      
02691156                  | 0.7239
02773838                  | 0.9094
02954340                  | 0.8037
02958343                  | 0.7269
03001627                  | 0.7361
03261776                  | 0.7429
03467517                  | 0.9317
03624134                  | 0.8632
03636649                  | 0.7437
03642806                  | 0.9582
03790512                  | 0.5187
03797390                  | 0.9097
03948459                  | 0.7555
04099429                  | 0.5189
04225987                  | 0.7756
04379243                  | 0.7305
==================================================


==================== EPOCH 051 ====================
TRAIN | Loss: 0.2830 | Inst mIoU: 0.7289 | Class mIoU: 0.7503
TEST  | Loss: 0.4358 | Inst mIoU: 0.6812 | Class mIoU: 0.6953
--------------------------------------------------
Test per category         | mIoU      
02691156                  | 0.6462
02773838                  | 0.8372
02954340                  | 0.6301
02958343                  | 0.6385
03001627                  | 0.7254
03261776                  | 0.6667
03467517                  | 0.9195
03624134                  | 0.8470
03636649                  | 0.7187
03642806                  | 0.9015
03790512                  | 0.3645
03797390                  | 0.7274
03948459                  | 0.6471
04099429                  | 0.5298
04225987                  | 0.6638
04379243                  | 0.6621
==================================================


==================== EPOCH 052 ====================
TRAIN | Loss: 0.2811 | Inst mIoU: 0.7298 | Class mIoU: 0.7485
TEST  | Loss: 0.3425 | Inst mIoU: 0.7239 | Class mIoU: 0.7557
--------------------------------------------------
Test per category         | mIoU      
02691156                  | 0.7138
02773838                  | 0.8149
02954340                  | 0.8085
02958343                  | 0.7017
03001627                  | 0.7148
03261776                  | 0.7636
03467517                  | 0.8089
03624134                  | 0.8615
03636649                  | 0.7590
03642806                  | 0.9525
03790512                  | 0.5078
03797390                  | 0.8929
03948459                  | 0.7720
04099429                  | 0.5593
04225987                  | 0.7385
04379243                  | 0.7211
==================================================


==================== EPOCH 053 ====================
TRAIN | Loss: 0.2794 | Inst mIoU: 0.7311 | Class mIoU: 0.7539
TEST  | Loss: 0.3421 | Inst mIoU: 0.7102 | Class mIoU: 0.7359
--------------------------------------------------
Test per category         | mIoU      
02691156                  | 0.7055
02773838                  | 0.7989
02954340                  | 0.7582
02958343                  | 0.6814
03001627                  | 0.6926
03261776                  | 0.6946
03467517                  | 0.9237
03624134                  | 0.8612
03636649                  | 0.7159
03642806                  | 0.9553
03790512                  | 0.4217
03797390                  | 0.8982
03948459                  | 0.7261
04099429                  | 0.4876
04225987                  | 0.7379
04379243                  | 0.7159
==================================================


==================== EPOCH 054 ====================
TRAIN | Loss: 0.2781 | Inst mIoU: 0.7303 | Class mIoU: 0.7498
TEST  | Loss: 0.3282 | Inst mIoU: 0.7237 | Class mIoU: 0.7589
--------------------------------------------------
Test per category         | mIoU      
02691156                  | 0.7233
02773838                  | 0.9238
02954340                  | 0.7674
02958343                  | 0.7278
03001627                  | 0.7193
03261776                  | 0.7626
03467517                  | 0.9250
03624134                  | 0.8658
03636649                  | 0.7466
03642806                  | 0.9495
03790512                  | 0.4766
03797390                  | 0.8673
03948459                  | 0.6888
04099429                  | 0.5501
04225987                  | 0.7599
04379243                  | 0.6877
==================================================


==================== EPOCH 055 ====================
TRAIN | Loss: 0.2786 | Inst mIoU: 0.7297 | Class mIoU: 0.7487
TEST  | Loss: 0.3235 | Inst mIoU: 0.7202 | Class mIoU: 0.7593
--------------------------------------------------
Test per category         | mIoU      
02691156                  | 0.7123
02773838                  | 0.8445
02954340                  | 0.7933
02958343                  | 0.6766
03001627                  | 0.7306
03261776                  | 0.7792
03467517                  | 0.8644
03624134                  | 0.8727
03636649                  | 0.7554
03642806                  | 0.9587
03790512                  | 0.4514
03797390                  | 0.9009
03948459                  | 0.7650
04099429                  | 0.5576
04225987                  | 0.7725
04379243                  | 0.7137
==================================================


==================== EPOCH 056 ====================
TRAIN | Loss: 0.2753 | Inst mIoU: 0.7317 | Class mIoU: 0.7552
TEST  | Loss: 0.3401 | Inst mIoU: 0.7170 | Class mIoU: 0.7626
--------------------------------------------------
Test per category         | mIoU      
02691156                  | 0.6977
02773838                  | 0.9299
02954340                  | 0.7974
02958343                  | 0.6885
03001627                  | 0.7094
03261776                  | 0.7653
03467517                  | 0.9157
03624134                  | 0.8691
03636649                  | 0.7513
03642806                  | 0.9560
03790512                  | 0.4557
03797390                  | 0.8806
03948459                  | 0.7371
04099429                  | 0.5590
04225987                  | 0.7771
04379243                  | 0.7120
==================================================


==================== EPOCH 057 ====================
TRAIN | Loss: 0.2758 | Inst mIoU: 0.7316 | Class mIoU: 0.7551
TEST  | Loss: 0.3135 | Inst mIoU: 0.7359 | Class mIoU: 0.7709
--------------------------------------------------
Test per category         | mIoU      
02691156                  | 0.7214
02773838                  | 0.8967
02954340                  | 0.8039
02958343                  | 0.7330
03001627                  | 0.7293
03261776                  | 0.7529
03467517                  | 0.9021
03624134                  | 0.8498
03636649                  | 0.7594
03642806                  | 0.9566
03790512                  | 0.5027
03797390                  | 0.8953
03948459                  | 0.7735
04099429                  | 0.5583
04225987                  | 0.7850
04379243                  | 0.7150
==================================================


==================== EPOCH 058 ====================
TRAIN | Loss: 0.2724 | Inst mIoU: 0.7336 | Class mIoU: 0.7553
TEST  | Loss: 0.3331 | Inst mIoU: 0.7277 | Class mIoU: 0.7647
--------------------------------------------------
Test per category         | mIoU      
02691156                  | 0.7291
02773838                  | 0.8687
02954340                  | 0.8125
02958343                  | 0.7052
03001627                  | 0.7117
03261776                  | 0.7787
03467517                  | 0.9290
03624134                  | 0.8655
03636649                  | 0.7281
03642806                  | 0.9570
03790512                  | 0.4905
03797390                  | 0.8547
03948459                  | 0.7751
04099429                  | 0.5687
04225987                  | 0.7357
04379243                  | 0.7252
==================================================


==================== EPOCH 059 ====================
TRAIN | Loss: 0.2735 | Inst mIoU: 0.7332 | Class mIoU: 0.7574
TEST  | Loss: 0.3086 | Inst mIoU: 0.7400 | Class mIoU: 0.7737
--------------------------------------------------
Test per category         | mIoU      
02691156                  | 0.7272
02773838                  | 0.8330
02954340                  | 0.8182
02958343                  | 0.7302
03001627                  | 0.7386
03261776                  | 0.7660
03467517                  | 0.9343
03624134                  | 0.8673
03636649                  | 0.7529
03642806                  | 0.9556
03790512                  | 0.5130
03797390                  | 0.9039
03948459                  | 0.7788
04099429                  | 0.5583
04225987                  | 0.7824
04379243                  | 0.7199
==================================================


==================== EPOCH 060 ====================
TRAIN | Loss: 0.2708 | Inst mIoU: 0.7350 | Class mIoU: 0.7577
TEST  | Loss: 0.3258 | Inst mIoU: 0.7380 | Class mIoU: 0.7720
--------------------------------------------------
Test per category         | mIoU      
02691156                  | 0.7311
02773838                  | 0.9015
02954340                  | 0.8108
02958343                  | 0.7232
03001627                  | 0.7269
03261776                  | 0.7778
03467517                  | 0.9138
03624134                  | 0.8632
03636649                  | 0.7344
03642806                  | 0.9550
03790512                  | 0.5021
03797390                  | 0.9064
03948459                  | 0.7725
04099429                  | 0.5303
04225987                  | 0.7692
04379243                  | 0.7336
==================================================


==================== EPOCH 061 ====================
TRAIN | Loss: 0.2683 | Inst mIoU: 0.7354 | Class mIoU: 0.7590
TEST  | Loss: 0.3390 | Inst mIoU: 0.7344 | Class mIoU: 0.7661
--------------------------------------------------
Test per category         | mIoU      
02691156                  | 0.7101
02773838                  | 0.9229
02954340                  | 0.7530
02958343                  | 0.7281
03001627                  | 0.7254
03261776                  | 0.7620
03467517                  | 0.9308
03624134                  | 0.8621
03636649                  | 0.7487
03642806                  | 0.9529
03790512                  | 0.4870
03797390                  | 0.8989
03948459                  | 0.7436
04099429                  | 0.5269
04225987                  | 0.7818
04379243                  | 0.7238
==================================================


==================== EPOCH 062 ====================
TRAIN | Loss: 0.2677 | Inst mIoU: 0.7350 | Class mIoU: 0.7567
TEST  | Loss: 0.3345 | Inst mIoU: 0.7272 | Class mIoU: 0.7603
--------------------------------------------------
Test per category         | mIoU      
02691156                  | 0.7247
02773838                  | 0.9299
02954340                  | 0.7257
02958343                  | 0.6995
03001627                  | 0.7291
03261776                  | 0.7419
03467517                  | 0.9271
03624134                  | 0.8708
03636649                  | 0.7553
03642806                  | 0.9582
03790512                  | 0.4998
03797390                  | 0.8827
03948459                  | 0.7166
04099429                  | 0.5572
04225987                  | 0.7348
04379243                  | 0.7114
==================================================


==================== EPOCH 063 ====================
TRAIN | Loss: 0.2678 | Inst mIoU: 0.7360 | Class mIoU: 0.7598
TEST  | Loss: 0.3248 | Inst mIoU: 0.7278 | Class mIoU: 0.7647
--------------------------------------------------
Test per category         | mIoU      
02691156                  | 0.7214
02773838                  | 0.8809
02954340                  | 0.8095
02958343                  | 0.7020
03001627                  | 0.7256
03261776                  | 0.7321
03467517                  | 0.9293
03624134                  | 0.8633
03636649                  | 0.7624
03642806                  | 0.9571
03790512                  | 0.4759
03797390                  | 0.8956
03948459                  | 0.7149
04099429                  | 0.5826
04225987                  | 0.7687
04379243                  | 0.7133
==================================================


==================== EPOCH 064 ====================
TRAIN | Loss: 0.2653 | Inst mIoU: 0.7372 | Class mIoU: 0.7594
TEST  | Loss: 0.3066 | Inst mIoU: 0.7424 | Class mIoU: 0.7754
--------------------------------------------------
Test per category         | mIoU      
02691156                  | 0.7236
02773838                  | 0.8590
02954340                  | 0.7802
02958343                  | 0.7418
03001627                  | 0.7375
03261776                  | 0.7943
03467517                  | 0.9167
03624134                  | 0.8778
03636649                  | 0.7478
03642806                  | 0.9572
03790512                  | 0.5235
03797390                  | 0.8939
03948459                  | 0.7803
04099429                  | 0.5606
04225987                  | 0.7882
04379243                  | 0.7233
==================================================


==================== EPOCH 065 ====================
TRAIN | Loss: 0.2655 | Inst mIoU: 0.7373 | Class mIoU: 0.7624
TEST  | Loss: 0.3159 | Inst mIoU: 0.7381 | Class mIoU: 0.7726
--------------------------------------------------
Test per category         | mIoU      
02691156                  | 0.7287
02773838                  | 0.8554
02954340                  | 0.8036
02958343                  | 0.7171
03001627                  | 0.7312
03261776                  | 0.7682
03467517                  | 0.9304
03624134                  | 0.8690
03636649                  | 0.7546
03642806                  | 0.9583
03790512                  | 0.5312
03797390                  | 0.9038
03948459                  | 0.7563
04099429                  | 0.5553
04225987                  | 0.7702
04379243                  | 0.7289
==================================================


==================== EPOCH 066 ====================
TRAIN | Loss: 0.2623 | Inst mIoU: 0.7390 | Class mIoU: 0.7658
TEST  | Loss: 0.4120 | Inst mIoU: 0.7287 | Class mIoU: 0.7635
--------------------------------------------------
Test per category         | mIoU      
02691156                  | 0.7347
02773838                  | 0.8839
02954340                  | 0.8004
02958343                  | 0.7232
03001627                  | 0.7274
03261776                  | 0.7803
03467517                  | 0.9342
03624134                  | 0.8525
03636649                  | 0.7122
03642806                  | 0.9585
03790512                  | 0.5227
03797390                  | 0.8609
03948459                  | 0.7726
04099429                  | 0.5761
04225987                  | 0.6731
04379243                  | 0.7036
==================================================


==================== EPOCH 067 ====================
TRAIN | Loss: 0.2615 | Inst mIoU: 0.7388 | Class mIoU: 0.7646
TEST  | Loss: 0.3246 | Inst mIoU: 0.7398 | Class mIoU: 0.7682
--------------------------------------------------
Test per category         | mIoU      
02691156                  | 0.7311
02773838                  | 0.8850
02954340                  | 0.7976
02958343                  | 0.7317
03001627                  | 0.7312
03261776                  | 0.7167
03467517                  | 0.9272
03624134                  | 0.8689
03636649                  | 0.7400
03642806                  | 0.9455
03790512                  | 0.5214
03797390                  | 0.9045
03948459                  | 0.7548
04099429                  | 0.5624
04225987                  | 0.7456
04379243                  | 0.7278
==================================================


==================== EPOCH 068 ====================
TRAIN | Loss: 0.2595 | Inst mIoU: 0.7403 | Class mIoU: 0.7665
TEST  | Loss: 0.3228 | Inst mIoU: 0.7287 | Class mIoU: 0.7650
--------------------------------------------------
Test per category         | mIoU      
02691156                  | 0.7227
02773838                  | 0.9135
02954340                  | 0.7724
02958343                  | 0.6948
03001627                  | 0.7349
03261776                  | 0.7597
03467517                  | 0.9185
03624134                  | 0.8630
03636649                  | 0.7027
03642806                  | 0.9603
03790512                  | 0.4984
03797390                  | 0.9061
03948459                  | 0.7187
04099429                  | 0.5590
04225987                  | 0.7857
04379243                  | 0.7299
==================================================


==================== EPOCH 069 ====================
TRAIN | Loss: 0.2585 | Inst mIoU: 0.7408 | Class mIoU: 0.7647
TEST  | Loss: 0.3780 | Inst mIoU: 0.7086 | Class mIoU: 0.7154
--------------------------------------------------
Test per category         | mIoU      
02691156                  | 0.6882
02773838                  | 0.8356
02954340                  | 0.6766
02958343                  | 0.6687
03001627                  | 0.7193
03261776                  | 0.7259
03467517                  | 0.9161
03624134                  | 0.8713
03636649                  | 0.7159
03642806                  | 0.9559
03790512                  | 0.4516
03797390                  | 0.8651
03948459                  | 0.6449
04099429                  | 0.4633
04225987                  | 0.5320
04379243                  | 0.7160
==================================================


==================== EPOCH 070 ====================
TRAIN | Loss: 0.2560 | Inst mIoU: 0.7433 | Class mIoU: 0.7697
TEST  | Loss: 0.3210 | Inst mIoU: 0.7295 | Class mIoU: 0.7686
--------------------------------------------------
Test per category         | mIoU      
02691156                  | 0.7154
02773838                  | 0.8682
02954340                  | 0.8035
02958343                  | 0.7179
03001627                  | 0.6987
03261776                  | 0.7186
03467517                  | 0.9245
03624134                  | 0.8741
03636649                  | 0.7657
03642806                  | 0.9584
03790512                  | 0.5168
03797390                  | 0.9086
03948459                  | 0.7733
04099429                  | 0.5621
04225987                  | 0.7663
04379243                  | 0.7247
==================================================


==================== EPOCH 071 ====================
TRAIN | Loss: 0.2545 | Inst mIoU: 0.7428 | Class mIoU: 0.7706
TEST  | Loss: 0.3251 | Inst mIoU: 0.7305 | Class mIoU: 0.7664
--------------------------------------------------
Test per category         | mIoU      
02691156                  | 0.7248
02773838                  | 0.8903
02954340                  | 0.7803
02958343                  | 0.7051
03001627                  | 0.7220
03261776                  | 0.7566
03467517                  | 0.9298
03624134                  | 0.8540
03636649                  | 0.7626
03642806                  | 0.9588
03790512                  | 0.5306
03797390                  | 0.9002
03948459                  | 0.6770
04099429                  | 0.5649
04225987                  | 0.7842
04379243                  | 0.7209
==================================================


==================== EPOCH 072 ====================
TRAIN | Loss: 0.2538 | Inst mIoU: 0.7427 | Class mIoU: 0.7714
TEST  | Loss: 0.3309 | Inst mIoU: 0.7339 | Class mIoU: 0.7683
--------------------------------------------------
Test per category         | mIoU      
02691156                  | 0.7256
02773838                  | 0.9093
02954340                  | 0.7890
02958343                  | 0.7244
03001627                  | 0.7316
03261776                  | 0.7656
03467517                  | 0.9274
03624134                  | 0.8582
03636649                  | 0.7595
03642806                  | 0.9513
03790512                  | 0.5321
03797390                  | 0.9043
03948459                  | 0.6624
04099429                  | 0.5753
04225987                  | 0.7649
04379243                  | 0.7114
==================================================


==================== EPOCH 073 ====================
TRAIN | Loss: 0.2519 | Inst mIoU: 0.7438 | Class mIoU: 0.7717
TEST  | Loss: 0.3896 | Inst mIoU: 0.7294 | Class mIoU: 0.7567
--------------------------------------------------
Test per category         | mIoU      
02691156                  | 0.7136
02773838                  | 0.8684
02954340                  | 0.7554
02958343                  | 0.7272
03001627                  | 0.7137
03261776                  | 0.7749
03467517                  | 0.9270
03624134                  | 0.8725
03636649                  | 0.7277
03642806                  | 0.9568
03790512                  | 0.5184
03797390                  | 0.8959
03948459                  | 0.7061
04099429                  | 0.5691
04225987                  | 0.6599
04379243                  | 0.7209
==================================================


==================== EPOCH 074 ====================
TRAIN | Loss: 0.2505 | Inst mIoU: 0.7447 | Class mIoU: 0.7736
TEST  | Loss: 0.3112 | Inst mIoU: 0.7364 | Class mIoU: 0.7636
--------------------------------------------------
Test per category         | mIoU      
02691156                  | 0.7298
02773838                  | 0.8598
02954340                  | 0.7887
02958343                  | 0.7100
03001627                  | 0.7276
03261776                  | 0.7446
03467517                  | 0.9308
03624134                  | 0.8558
03636649                  | 0.7524
03642806                  | 0.9535
03790512                  | 0.4936
03797390                  | 0.8928
03948459                  | 0.7803
04099429                  | 0.4839
04225987                  | 0.7799
04379243                  | 0.7343
==================================================


==================== EPOCH 075 ====================
TRAIN | Loss: 0.2489 | Inst mIoU: 0.7453 | Class mIoU: 0.7734
TEST  | Loss: 0.3307 | Inst mIoU: 0.7239 | Class mIoU: 0.7713
--------------------------------------------------
Test per category         | mIoU      
02691156                  | 0.7155
02773838                  | 0.8848
02954340                  | 0.7980
02958343                  | 0.7122
03001627                  | 0.7226
03261776                  | 0.7750
03467517                  | 0.9216
03624134                  | 0.8758
03636649                  | 0.7597
03642806                  | 0.9538
03790512                  | 0.5474
03797390                  | 0.8933
03948459                  | 0.7474
04099429                  | 0.5661
04225987                  | 0.7750
04379243                  | 0.6922
==================================================


==================== EPOCH 076 ====================
TRAIN | Loss: 0.2475 | Inst mIoU: 0.7461 | Class mIoU: 0.7777
TEST  | Loss: 0.3147 | Inst mIoU: 0.7419 | Class mIoU: 0.7715
--------------------------------------------------
Test per category         | mIoU      
02691156                  | 0.7353
02773838                  | 0.9156
02954340                  | 0.7763
02958343                  | 0.7258
03001627                  | 0.7358
03261776                  | 0.7555
03467517                  | 0.9304
03624134                  | 0.8667
03636649                  | 0.7407
03642806                  | 0.9595
03790512                  | 0.5185
03797390                  | 0.9061
03948459                  | 0.7732
04099429                  | 0.5688
04225987                  | 0.7015
04379243                  | 0.7338
==================================================


==================== EPOCH 077 ====================
TRAIN | Loss: 0.2457 | Inst mIoU: 0.7478 | Class mIoU: 0.7785
TEST  | Loss: 0.3562 | Inst mIoU: 0.7292 | Class mIoU: 0.7584
--------------------------------------------------
Test per category         | mIoU      
02691156                  | 0.7197
02773838                  | 0.9088
02954340                  | 0.7439
02958343                  | 0.7097
03001627                  | 0.7289
03261776                  | 0.7556
03467517                  | 0.9200
03624134                  | 0.8438
03636649                  | 0.7434
03642806                  | 0.9586
03790512                  | 0.5238
03797390                  | 0.8953
03948459                  | 0.6973
04099429                  | 0.5366
04225987                  | 0.7320
04379243                  | 0.7174
==================================================


==================== EPOCH 078 ====================
TRAIN | Loss: 0.2445 | Inst mIoU: 0.7482 | Class mIoU: 0.7799
TEST  | Loss: 0.3325 | Inst mIoU: 0.7396 | Class mIoU: 0.7630
--------------------------------------------------
Test per category         | mIoU      
02691156                  | 0.7259
02773838                  | 0.8440
02954340                  | 0.8202
02958343                  | 0.7367
03001627                  | 0.7084
03261776                  | 0.6894
03467517                  | 0.9256
03624134                  | 0.8497
03636649                  | 0.7620
03642806                  | 0.9589
03790512                  | 0.4632
03797390                  | 0.9052
03948459                  | 0.7737
04099429                  | 0.5371
04225987                  | 0.7684
04379243                  | 0.7390
==================================================


==================== EPOCH 079 ====================
TRAIN | Loss: 0.2415 | Inst mIoU: 0.7487 | Class mIoU: 0.7790
TEST  | Loss: 0.3349 | Inst mIoU: 0.7290 | Class mIoU: 0.7700
--------------------------------------------------
Test per category         | mIoU      
02691156                  | 0.7167
02773838                  | 0.9165
02954340                  | 0.8005
02958343                  | 0.6827
03001627                  | 0.7272
03261776                  | 0.7096
03467517                  | 0.9279
03624134                  | 0.8712
03636649                  | 0.7519
03642806                  | 0.9501
03790512                  | 0.5518
03797390                  | 0.9012
03948459                  | 0.7381
04099429                  | 0.5509
04225987                  | 0.7905
04379243                  | 0.7335
==================================================


==================== EPOCH 080 ====================
TRAIN | Loss: 0.2403 | Inst mIoU: 0.7490 | Class mIoU: 0.7814
TEST  | Loss: 0.3169 | Inst mIoU: 0.7456 | Class mIoU: 0.7737
--------------------------------------------------
Test per category         | mIoU      
02691156                  | 0.7452
02773838                  | 0.8183
02954340                  | 0.7709
02958343                  | 0.7446
03001627                  | 0.7302
03261776                  | 0.7690
03467517                  | 0.9248
03624134                  | 0.8711
03636649                  | 0.7678
03642806                  | 0.9545
03790512                  | 0.5626
03797390                  | 0.8969
03948459                  | 0.7770
04099429                  | 0.5479
04225987                  | 0.7768
04379243                  | 0.7223
==================================================


==================== EPOCH 081 ====================
TRAIN | Loss: 0.2383 | Inst mIoU: 0.7504 | Class mIoU: 0.7805
TEST  | Loss: 0.3413 | Inst mIoU: 0.7190 | Class mIoU: 0.7594
--------------------------------------------------
Test per category         | mIoU      
02691156                  | 0.7040
02773838                  | 0.8948
02954340                  | 0.7876
02958343                  | 0.7036
03001627                  | 0.6894
03261776                  | 0.7701
03467517                  | 0.9100
03624134                  | 0.8698
03636649                  | 0.7533
03642806                  | 0.9594
03790512                  | 0.5008
03797390                  | 0.8817
03948459                  | 0.7417
04099429                  | 0.4698
04225987                  | 0.7961
04379243                  | 0.7179
==================================================


==================== EPOCH 082 ====================
TRAIN | Loss: 0.2370 | Inst mIoU: 0.7510 | Class mIoU: 0.7845
TEST  | Loss: 0.3045 | Inst mIoU: 0.7419 | Class mIoU: 0.7748
--------------------------------------------------
Test per category         | mIoU      
02691156                  | 0.7351
02773838                  | 0.9334
02954340                  | 0.8009
02958343                  | 0.7417
03001627                  | 0.7255
03261776                  | 0.7556
03467517                  | 0.9284
03624134                  | 0.8085
03636649                  | 0.7599
03642806                  | 0.9580
03790512                  | 0.4949
03797390                  | 0.8848
03948459                  | 0.7772
04099429                  | 0.5694
04225987                  | 0.7971
04379243                  | 0.7258
==================================================


==================== EPOCH 083 ====================
TRAIN | Loss: 0.2366 | Inst mIoU: 0.7516 | Class mIoU: 0.7830
TEST  | Loss: 0.3128 | Inst mIoU: 0.7482 | Class mIoU: 0.7829
--------------------------------------------------
Test per category         | mIoU      
02691156                  | 0.7420
02773838                  | 0.9021
02954340                  | 0.8016
02958343                  | 0.7416
03001627                  | 0.7382
03261776                  | 0.7764
03467517                  | 0.9332
03624134                  | 0.8753
03636649                  | 0.7524
03642806                  | 0.9593
03790512                  | 0.5824
03797390                  | 0.9078
03948459                  | 0.7851
04099429                  | 0.5594
04225987                  | 0.7380
04379243                  | 0.7313
==================================================


==================== EPOCH 084 ====================
TRAIN | Loss: 0.2343 | Inst mIoU: 0.7527 | Class mIoU: 0.7832
TEST  | Loss: 0.3403 | Inst mIoU: 0.7423 | Class mIoU: 0.7757
--------------------------------------------------
Test per category         | mIoU      
02691156                  | 0.7319
02773838                  | 0.8872
02954340                  | 0.7811
02958343                  | 0.7309
03001627                  | 0.7392
03261776                  | 0.7566
03467517                  | 0.9328
03624134                  | 0.8720
03636649                  | 0.7315
03642806                  | 0.9569
03790512                  | 0.5587
03797390                  | 0.9024
03948459                  | 0.7649
04099429                  | 0.5861
04225987                  | 0.7500
04379243                  | 0.7296
==================================================


==================== EPOCH 085 ====================
TRAIN | Loss: 0.2326 | Inst mIoU: 0.7530 | Class mIoU: 0.7832
TEST  | Loss: 0.3071 | Inst mIoU: 0.7489 | Class mIoU: 0.7840
--------------------------------------------------
Test per category         | mIoU      
02691156                  | 0.7430
02773838                  | 0.9052
02954340                  | 0.8054
02958343                  | 0.7506
03001627                  | 0.7325
03261776                  | 0.7729
03467517                  | 0.9326
03624134                  | 0.8753
03636649                  | 0.7509
03642806                  | 0.9567
03790512                  | 0.5640
03797390                  | 0.8983
03948459                  | 0.7922
04099429                  | 0.5492
04225987                  | 0.7844
04379243                  | 0.7303
==================================================


==================== EPOCH 086 ====================
TRAIN | Loss: 0.2318 | Inst mIoU: 0.7542 | Class mIoU: 0.7862
TEST  | Loss: 0.3216 | Inst mIoU: 0.7310 | Class mIoU: 0.7780
--------------------------------------------------
Test per category         | mIoU      
02691156                  | 0.7241
02773838                  | 0.9102
02954340                  | 0.8029
02958343                  | 0.7425
03001627                  | 0.6957
03261776                  | 0.7840
03467517                  | 0.9354
03624134                  | 0.8601
03636649                  | 0.7660
03642806                  | 0.9547
03790512                  | 0.5279
03797390                  | 0.8874
03948459                  | 0.7728
04099429                  | 0.5940
04225987                  | 0.7838
04379243                  | 0.7064
==================================================


==================== EPOCH 087 ====================
TRAIN | Loss: 0.2308 | Inst mIoU: 0.7542 | Class mIoU: 0.7884
TEST  | Loss: 0.3104 | Inst mIoU: 0.7490 | Class mIoU: 0.7835
--------------------------------------------------
Test per category         | mIoU      
02691156                  | 0.7419
02773838                  | 0.8812
02954340                  | 0.8004
02958343                  | 0.7421
03001627                  | 0.7341
03261776                  | 0.7719
03467517                  | 0.9330
03624134                  | 0.8594
03636649                  | 0.7716
03642806                  | 0.9585
03790512                  | 0.5445
03797390                  | 0.9050
03948459                  | 0.7855
04099429                  | 0.5845
04225987                  | 0.7892
04379243                  | 0.7331
==================================================


==================== EPOCH 088 ====================
TRAIN | Loss: 0.2290 | Inst mIoU: 0.7559 | Class mIoU: 0.7883
TEST  | Loss: 0.3030 | Inst mIoU: 0.7475 | Class mIoU: 0.7831
--------------------------------------------------
Test per category         | mIoU      
02691156                  | 0.7425
02773838                  | 0.9009
02954340                  | 0.8018
02958343                  | 0.7480
03001627                  | 0.7312
03261776                  | 0.7634
03467517                  | 0.9197
03624134                  | 0.8591
03636649                  | 0.7656
03642806                  | 0.9598
03790512                  | 0.5627
03797390                  | 0.9091
03948459                  | 0.7894
04099429                  | 0.5639
04225987                  | 0.7856
04379243                  | 0.7266
==================================================


==================== EPOCH 089 ====================
TRAIN | Loss: 0.2277 | Inst mIoU: 0.7556 | Class mIoU: 0.7876
TEST  | Loss: 0.3032 | Inst mIoU: 0.7505 | Class mIoU: 0.7849
--------------------------------------------------
Test per category         | mIoU      
02691156                  | 0.7395
02773838                  | 0.9069
02954340                  | 0.8044
02958343                  | 0.7533
03001627                  | 0.7365
03261776                  | 0.7453
03467517                  | 0.9341
03624134                  | 0.8703
03636649                  | 0.7589
03642806                  | 0.9583
03790512                  | 0.5576
03797390                  | 0.8981
03948459                  | 0.7879
04099429                  | 0.5813
04225987                  | 0.7954
04379243                  | 0.7303
==================================================


==================== EPOCH 090 ====================
TRAIN | Loss: 0.2272 | Inst mIoU: 0.7559 | Class mIoU: 0.7904
TEST  | Loss: 0.3108 | Inst mIoU: 0.7522 | Class mIoU: 0.7851
--------------------------------------------------
Test per category         | mIoU      
02691156                  | 0.7404
02773838                  | 0.9046
02954340                  | 0.8015
02958343                  | 0.7501
03001627                  | 0.7397
03261776                  | 0.7759
03467517                  | 0.9366
03624134                  | 0.8679
03636649                  | 0.7588
03642806                  | 0.9585
03790512                  | 0.5526
03797390                  | 0.9058
03948459                  | 0.7808
04099429                  | 0.5704
04225987                  | 0.7813
04379243                  | 0.7369
==================================================


==================== EPOCH 091 ====================
TRAIN | Loss: 0.2250 | Inst mIoU: 0.7572 | Class mIoU: 0.7889
TEST  | Loss: 0.3292 | Inst mIoU: 0.7521 | Class mIoU: 0.7851
--------------------------------------------------
Test per category         | mIoU      
02691156                  | 0.7446
02773838                  | 0.9167
02954340                  | 0.7935
02958343                  | 0.7490
03001627                  | 0.7405
03261776                  | 0.7650
03467517                  | 0.9329
03624134                  | 0.8652
03636649                  | 0.7622
03642806                  | 0.9585
03790512                  | 0.5684
03797390                  | 0.8977
03948459                  | 0.7841
04099429                  | 0.5770
04225987                  | 0.7724
04379243                  | 0.7342
==================================================


==================== EPOCH 092 ====================
TRAIN | Loss: 0.2249 | Inst mIoU: 0.7575 | Class mIoU: 0.7885
TEST  | Loss: 0.3040 | Inst mIoU: 0.7507 | Class mIoU: 0.7873
--------------------------------------------------
Test per category         | mIoU      
02691156                  | 0.7424
02773838                  | 0.8981
02954340                  | 0.8067
02958343                  | 0.7483
03001627                  | 0.7368
03261776                  | 0.7603
03467517                  | 0.9375
03624134                  | 0.8748
03636649                  | 0.7663
03642806                  | 0.9589
03790512                  | 0.5543
03797390                  | 0.8992
03948459                  | 0.7936
04099429                  | 0.5977
04225987                  | 0.7914
04379243                  | 0.7309
==================================================


==================== EPOCH 093 ====================
TRAIN | Loss: 0.2237 | Inst mIoU: 0.7581 | Class mIoU: 0.7924
TEST  | Loss: 0.3055 | Inst mIoU: 0.7518 | Class mIoU: 0.7892
--------------------------------------------------
Test per category         | mIoU      
02691156                  | 0.7472
02773838                  | 0.9229
02954340                  | 0.8014
02958343                  | 0.7507
03001627                  | 0.7387
03261776                  | 0.7649
03467517                  | 0.9346
03624134                  | 0.8629
03636649                  | 0.7681
03642806                  | 0.9602
03790512                  | 0.5647
03797390                  | 0.9016
03948459                  | 0.7845
04099429                  | 0.6041
04225987                  | 0.7918
04379243                  | 0.7293
==================================================


==================== EPOCH 094 ====================
TRAIN | Loss: 0.2229 | Inst mIoU: 0.7581 | Class mIoU: 0.7920
TEST  | Loss: 0.3083 | Inst mIoU: 0.7540 | Class mIoU: 0.7916
--------------------------------------------------
Test per category         | mIoU      
02691156                  | 0.7412
02773838                  | 0.9218
02954340                  | 0.7991
02958343                  | 0.7546
03001627                  | 0.7406
03261776                  | 0.7807
03467517                  | 0.9355
03624134                  | 0.8660
03636649                  | 0.7679
03642806                  | 0.9597
03790512                  | 0.5816
03797390                  | 0.9073
03948459                  | 0.7797
04099429                  | 0.6050
04225987                  | 0.7896
04379243                  | 0.7345
==================================================


==================== EPOCH 095 ====================
TRAIN | Loss: 0.2215 | Inst mIoU: 0.7588 | Class mIoU: 0.7948
TEST  | Loss: 0.3060 | Inst mIoU: 0.7489 | Class mIoU: 0.7843
--------------------------------------------------
Test per category         | mIoU      
02691156                  | 0.7433
02773838                  | 0.9105
02954340                  | 0.8007
02958343                  | 0.7483
03001627                  | 0.7334
03261776                  | 0.7464
03467517                  | 0.9356
03624134                  | 0.8642
03636649                  | 0.7645
03642806                  | 0.9591
03790512                  | 0.5572
03797390                  | 0.9063
03948459                  | 0.7891
04099429                  | 0.5726
04225987                  | 0.7899
04379243                  | 0.7279
==================================================


==================== EPOCH 096 ====================
TRAIN | Loss: 0.2211 | Inst mIoU: 0.7588 | Class mIoU: 0.7921
TEST  | Loss: 0.3082 | Inst mIoU: 0.7523 | Class mIoU: 0.7890
--------------------------------------------------
Test per category         | mIoU      
02691156                  | 0.7442
02773838                  | 0.8953
02954340                  | 0.8012
02958343                  | 0.7523
03001627                  | 0.7383
03261776                  | 0.7833
03467517                  | 0.9339
03624134                  | 0.8713
03636649                  | 0.7678
03642806                  | 0.9602
03790512                  | 0.5660
03797390                  | 0.9093
03948459                  | 0.7861
04099429                  | 0.5918
04225987                  | 0.7926
04379243                  | 0.7310
==================================================


==================== EPOCH 097 ====================
TRAIN | Loss: 0.2208 | Inst mIoU: 0.7596 | Class mIoU: 0.7939
TEST  | Loss: 0.3089 | Inst mIoU: 0.7505 | Class mIoU: 0.7867
--------------------------------------------------
Test per category         | mIoU      
02691156                  | 0.7437
02773838                  | 0.8987
02954340                  | 0.8025
02958343                  | 0.7533
03001627                  | 0.7332
03261776                  | 0.7627
03467517                  | 0.9357
03624134                  | 0.8606
03636649                  | 0.7647
03642806                  | 0.9600
03790512                  | 0.5654
03797390                  | 0.9080
03948459                  | 0.7867
04099429                  | 0.5911
04225987                  | 0.7924
04379243                  | 0.7292
==================================================


==================== EPOCH 098 ====================
TRAIN | Loss: 0.2201 | Inst mIoU: 0.7591 | Class mIoU: 0.7911
TEST  | Loss: 0.3085 | Inst mIoU: 0.7511 | Class mIoU: 0.7890
--------------------------------------------------
Test per category         | mIoU      
02691156                  | 0.7464
02773838                  | 0.9082
02954340                  | 0.7982
02958343                  | 0.7526
03001627                  | 0.7367
03261776                  | 0.7568
03467517                  | 0.9369
03624134                  | 0.8702
03636649                  | 0.7656
03642806                  | 0.9588
03790512                  | 0.5750
03797390                  | 0.9041
03948459                  | 0.7923
04099429                  | 0.5977
04225987                  | 0.7977
04379243                  | 0.7266
==================================================


==================== EPOCH 099 ====================
TRAIN | Loss: 0.2203 | Inst mIoU: 0.7592 | Class mIoU: 0.7918
TEST  | Loss: 0.3083 | Inst mIoU: 0.7529 | Class mIoU: 0.7894
--------------------------------------------------
Test per category         | mIoU      
02691156                  | 0.7479
02773838                  | 0.9053
02954340                  | 0.8028
02958343                  | 0.7548
03001627                  | 0.7405
03261776                  | 0.7754
03467517                  | 0.9366
03624134                  | 0.8692
03636649                  | 0.7600
03642806                  | 0.9594
03790512                  | 0.5638
03797390                  | 0.9064
03948459                  | 0.7987
04099429                  | 0.5937
04225987                  | 0.7869
04379243                  | 0.7296
==================================================


==================== EPOCH 100 ====================
TRAIN | Loss: 0.2201 | Inst mIoU: 0.7594 | Class mIoU: 0.7940
TEST  | Loss: 0.3088 | Inst mIoU: 0.7530 | Class mIoU: 0.7893
--------------------------------------------------
Test per category         | mIoU      
02691156                  | 0.7453
02773838                  | 0.9093
02954340                  | 0.8047
02958343                  | 0.7552
03001627                  | 0.7399
03261776                  | 0.7803
03467517                  | 0.9375
03624134                  | 0.8649
03636649                  | 0.7617
03642806                  | 0.9588
03790512                  | 0.5779
03797390                  | 0.9030
03948459                  | 0.7795
04099429                  | 0.5924
04225987                  | 0.7874
04379243                  | 0.7310
==================================================

